   ResourceCompiler  64-bit
   Platform support: PC, XboxOne, PS4, PowerVR
   Version 1.1.8.6  Dec 12 2016 01:13:31
   
   Copyright (c) 2001-2016 Crytek GmbH. All rights reserved.
   
   Exe directory:
     "D:\Dev\CRYENGINE-Code\Tools\rc\"
   Temp directory:
     "C:\Users\filip\AppData\Local\Temp\"
   Current directory:
     "D:\Dev\CRYENGINE-Code\Tools\rc\"
   
   
   Command line:
     "D:\Dev\CRYENGINE-Code/Tools/rc/rc.exe"
     "/userdialog=0"
   
   Platforms specified in rc.ini:
   
   Started at: Fri Dec 23 15:39:30 2016
    0:00 Memory: working set 3.7Mb (peak 3.7Mb), pagefile 0.9Mb (peak 0.9Mb)
    0:00 
    0:00 Loading "D:\Dev\CRYENGINE-Code\Tools\rc\rc.ini"
    0:00   Loaded "D:\Dev\CRYENGINE-Code\Tools\rc\rc.ini"
    0:00 
    0:00 Platform (/p) not specified, defaulting to 'pc'.
    0:00 
    0:00 Initializing pak management
    0:00 
    0:00 Loading compiler plug-ins (ResourceCompiler*.dll)
    0:00 Searching for D:\Dev\CRYENGINE-Code\Tools\rc\ResourceCompiler*.dll
    0:00 Loading "D:\Dev\CRYENGINE-Code\Tools\rc\ResourceCompilerABC.dll"
    0:00   Loaded "ResourceCompilerABC.dll"
    0:00     Registered AlembicCompiler ("abc")
    0:00 Loading "D:\Dev\CRYENGINE-Code\Tools\rc\ResourceCompilerImage.dll"
    0:00   Loaded "ResourceCompilerImage.dll"
    0:00     Registered ImageConvertor ("tif", "hdr")
    0:00     Registered TextureSplitter ("dds")
    0:00 Loading "D:\Dev\CRYENGINE-Code\Tools\rc\ResourceCompilerPC.dll"
    0:00   Loaded "ResourceCompilerPC.dll"
    0:00     Registered StatCGFCompiler ("cga", "cgf", "i_cgf")
    0:00     Registered ChunkCompiler ("chunk")
    0:00     Registered LuaCompiler ("lua")
    0:00     Registered FbxConverter ("fbx")
    0:00     Registered MetadataCompiler ("cryasset")
    0:00     Registered CharacterCompiler ("chr", "cdf", "skin")
    0:00     Registered AnimationConvertor ("i_caf")
    0:00     Registered ColladaCompiler ("dae", "dae.zip")
    0:00 Loading "D:\Dev\CRYENGINE-Code\Tools\rc\ResourceCompilerXML.dll"
    0:00   Loaded "ResourceCompilerXML.dll"
    0:00     Registered XMLConverter ("xml")
    0:00 
    0:00 
    0:00 Loading zip & pak compiler module
    0:00     Registered zip & pak compiler ("pak", "zip")
    0:00 
    0:00 Memory: working set 6.4Mb (peak 6.4Mb), pagefile 3.3Mb (peak 3.3Mb)
   
   Usage: RC filespec /p=<platform> [/Key1=Value1] [/Key2=Value2] etc...
          RC /help             // will list all usable keys with description
          RC /help >file.txt   // output help text to file.txt
   
   Memory: working set 6.5Mb (peak 6.5Mb), pagefile 3.3Mb (peak 3.3Mb)
   
   Finished at: Fri Dec 23 15:39:31 2016
